<?xml version="1.0" encoding="UTF-8"?>
<!-- Generated by org.testng.reporters.JUnitReportReporter -->
<testsuite skipped="0" hostname="Shanoo" name="Academy.HomePage" tests="2" failures="0" timestamp="2021-01-04T14:11:00 IST" time="16.480" errors="0">
  <testcase name="basePageNavigation" time="12.263" classname="Academy.HomePage"/>
  <system-out/>
  <testcase name="basePageNavigation" time="4.217" classname="Academy.HomePage"/>
  <system-out/>
</testsuite> <!-- Academy.HomePage -->
