<?xml version="1.0" encoding="UTF-8"?>
<!-- Generated by org.testng.reporters.JUnitReportReporter -->
<testsuite skipped="0" hostname="Shanoo" name="Academy.validateNavigationBar" tests="1" failures="0" timestamp="2021-01-04T14:11:00 IST" time="0.310" errors="0">
  <testcase name="validateAppNavBar" time="0.310" classname="Academy.validateNavigationBar"/>
  <system-out/>
</testsuite> <!-- Academy.validateNavigationBar -->
