<?xml version="1.0" encoding="UTF-8"?>
<!-- Generated by org.testng.reporters.JUnitReportReporter -->
<testsuite skipped="0" hostname="Shanoo" name="Academy.validateTitle" tests="1" failures="0" timestamp="2021-01-04T14:11:00 IST" time="0.240" errors="0">
  <testcase name="validateAppTitle" time="0.240" classname="Academy.validateTitle"/>
  <system-out/>
</testsuite> <!-- Academy.validateTitle -->
