<?xml version="1.0" encoding="UTF-8"?>
<!-- Generated by org.testng.reporters.JUnitReportReporter -->
<testsuite skipped="0" hostname="Shanoo" name="Academy.AppTest" tests="1" failures="0" timestamp="2021-02-15T09:16:53 IST" time="0.094" errors="0">
  <testcase name="testApp" time="0.094" classname="Academy.AppTest"/>
  <system-out/>
</testsuite> <!-- Academy.AppTest -->
